<?xml version="1.0" encoding="UTF-8"?>
<!-- Generated by org.testng.reporters.JUnitReportReporter -->
<testsuite hostname="DESKTOP-PEVVTSQ" name="com.sudeeksha.TestCases.LoginDDT" tests="1" failures="0" timestamp="13 Jun 2020 17:24:36 GMT" time="2.476" errors="0">
  <testcase name="Login" time="2.476" classname="com.sudeeksha.TestCases.LoginDDT"/>
</testsuite> <!-- com.sudeeksha.TestCases.LoginDDT -->
